0 verbose cli /usr/local/bin/node /usr/local/bin/npm
1 info using npm@8.19.4
2 info using node@v16.20.2
3 timing npm:load:whichnode Completed in 0ms
4 timing config:load:defaults Completed in 1ms
5 timing config:load:file:/usr/local/lib/node_modules/npm/npmrc Completed in 11ms
6 timing config:load:builtin Completed in 11ms
7 warn config production Use `--omit=dev` instead.
8 timing config:load:cli Completed in 2ms
9 timing config:load:env Completed in 0ms
10 timing config:load:file:/data/.npmrc Completed in 0ms
11 timing config:load:project Completed in 7ms
12 timing config:load:file:/usr/src/node-red/.npmrc Completed in 1ms
13 timing config:load:user Completed in 1ms
14 timing config:load:file:/usr/local/etc/npmrc Completed in 1ms
15 timing config:load:global Completed in 1ms
16 timing config:load:validate Completed in 0ms
17 timing config:load:credentials Completed in 0ms
18 timing config:load:setEnvs Completed in 1ms
19 timing config:load Completed in 25ms
20 timing npm:load:configload Completed in 25ms
21 timing npm:load:mkdirpcache Completed in 3ms
22 timing npm:load:mkdirplogs Completed in 2ms
23 verbose title npm install node-red-contrib-bigtimer@2.8.5
24 verbose argv "install" "--no-audit" "--no-update-notifier" "--no-fund" "--save" "--save-prefix" "~" "--production" "--engine-strict" "node-red-contrib-bigtimer@2.8.5"
25 timing npm:load:setTitle Completed in 1ms
26 timing config:load:flatten Completed in 3ms
27 timing npm:load:display Completed in 5ms
28 verbose logfile logs-max:10 dir:/data/.npm/_logs
29 verbose logfile /data/.npm/_logs/2023-11-12T18_11_42_648Z-debug-0.log
30 timing npm:load:logFile Completed in 10ms
31 timing npm:load:timers Completed in 0ms
32 timing npm:load:configScope Completed in 0ms
33 timing npm:load Completed in 47ms
34 timing arborist:ctor Completed in 0ms
35 silly logfile start cleaning logs, removing 4 files
36 timing arborist:ctor Completed in 0ms
37 silly logfile done cleaning log files
38 timing idealTree:init Completed in 13ms
39 timing idealTree:userRequests Completed in 3ms
40 silly idealTree buildDeps
41 silly fetch manifest node-red-contrib-bigtimer@2.8.5
42 http fetch GET 200 https://registry.npmjs.org/node-red-contrib-bigtimer 1485ms (cache miss)
43 silly placeDep ROOT node-red-contrib-bigtimer@2.8.5 OK for: node-red-project@0.0.1 want: 2.8.5
44 silly fetch manifest suncalc@1.*
45 http fetch GET 200 https://registry.npmjs.org/suncalc 767ms (cache miss)
46 timing idealTree:#root Completed in 2269ms
47 silly placeDep ROOT suncalc@1.9.0 OK for: node-red-contrib-bigtimer@2.8.5 want: 1.*
48 timing idealTree:node_modules/node-red-contrib-bigtimer Completed in 2ms
49 timing idealTree:node_modules/suncalc Completed in 0ms
50 timing idealTree:buildDeps Completed in 2272ms
51 timing idealTree:fixDepFlags Completed in 0ms
52 timing idealTree Completed in 2291ms
53 timing reify:loadTrees Completed in 2292ms
54 timing reify:diffTrees Completed in 1ms
55 silly reify moves {}
56 timing reify:retireShallow Completed in 1ms
57 timing reify:createSparse Completed in 3ms
58 timing reify:trashOmits Completed in 0ms
59 timing reify:loadBundles Completed in 0ms
60 silly tarball no local data for node-red-contrib-bigtimer@https://registry.npmjs.org/node-red-contrib-bigtimer/-/node-red-contrib-bigtimer-2.8.5.tgz. Extracting by manifest.
61 silly tarball no local data for suncalc@https://registry.npmjs.org/suncalc/-/suncalc-1.9.0.tgz. Extracting by manifest.
62 http fetch GET 200 https://registry.npmjs.org/node-red-contrib-bigtimer/-/node-red-contrib-bigtimer-2.8.5.tgz 155ms (cache miss)
63 timing reifyNode:node_modules/node-red-contrib-bigtimer Completed in 162ms
64 http fetch GET 200 https://registry.npmjs.org/suncalc/-/suncalc-1.9.0.tgz 226ms (cache miss)
65 timing reifyNode:node_modules/suncalc Completed in 235ms
66 timing reify:unpack Completed in 236ms
67 timing reify:unretire Completed in 0ms
68 timing build:queue Completed in 3ms
69 timing build:deps Completed in 5ms
70 timing build Completed in 6ms
71 timing reify:build Completed in 6ms
72 timing reify:trash Completed in 0ms
73 timing reify:save Completed in 6ms
74 timing reify Completed in 2556ms
75 silly ADD node_modules/suncalc
76 silly ADD node_modules/node-red-contrib-bigtimer
77 timing command:install Completed in 2559ms
78 verbose exit 0
79 timing npm Completed in 2801ms
80 info ok
